In /usr/local/bin/Bash-Utils/lib/init/initializer.sh, line 133 : CHECKING FOR BASH-UTILS SUB-FOLDERS
Existing sub-folder : /usr/local/bin/Bash-Utils/lib/lang
Existing sub-folder : /usr/local/bin/Bash-Utils/lib/functions
Existing sub-folder : /usr/local/bin/Bash-Utils/lib/variables

In /usr/local/bin/Bash-Utils/lib/LinkFnctsVars.sh, line 6
Included file : /usr/local/bin/Bash-Utils/lib/variables/colors.var
Included file : /usr/local/bin/Bash-Utils/lib/variables/date.var
Included file : /usr/local/bin/Bash-Utils/lib/variables/directories.var
Included file : /usr/local/bin/Bash-Utils/lib/variables/files.var
Included file : /usr/local/bin/Bash-Utils/lib/variables/text.var
In /usr/local/bin/Bash-Utils/lib/LinkFnctsVars.sh, line 17
Included file : /usr/local/bin/Bash-Utils/lib/functions/Directories.lib
Included file : /usr/local/bin/Bash-Utils/lib/functions/Echo.lib
Included file : /usr/local/bin/Bash-Utils/lib/functions/Files.lib
Included file : /usr/local/bin/Bash-Utils/lib/functions/Headers.lib
Included file : /usr/local/bin/Bash-Utils/lib/functions/Keyboard.lib
Included file : /usr/local/bin/Bash-Utils/lib/functions/Permissions.lib

Sourced file : /usr/local/bin/Bash-Utils/lib/LinkFnctsVars.sh


In /usr/local/bin/Bash-Utils/lib/lang/SetLibLang.sh, line 44
Fichier de traduction sourcé : /usr/local/bin/Bash-Utils/lib/lang/fr/config.fr
Fichier de traduction sourcé : /usr/local/bin/Bash-Utils/lib/lang/fr/directories.fr
Fichier de traduction sourcé : /usr/local/bin/Bash-Utils/lib/lang/fr/files.fr
Fichier de traduction sourcé : /usr/local/bin/Bash-Utils/lib/lang/fr/headers.fr
Fichier de traduction sourcé : /usr/local/bin/Bash-Utils/lib/lang/fr/keyboard_inputs.fr
Fichier de traduction sourcé : /usr/local/bin/Bash-Utils/lib/lang/fr/permissions.fr

Sourced file : /usr/local/bin/Bash-Utils/lib/lang/SetLibLang.sh


In Linux-reinstall.sh, line 45 : CHECKING FOR Linux-reinstall's SUB-FOLDERS
Existing sub-folder : /usr/local/bin/Bash-Utils/src/public/Linux-reinstall/install/categories
Existing sub-folder : /usr/local/bin/Bash-Utils/src/public/Linux-reinstall/lang
Existing sub-folder : /usr/local/bin/Bash-Utils/src/public/Linux-reinstall/lib/variables

In /usr/local/bin/Bash-Utils/src/public/Linux-reinstall/lang/SetMainLang.sh, line 40
In /usr/local/bin/Bash-Utils/src/public/Linux-reinstall/lang/SetMainLang.sh, line 40 --> Error : cannot find the '/usr/local/bin/Bash-Utils/src/public/Linux-reinstall/lang' folder
